\BOOKMARK [1][-]{Doc-Start}{Problem Description}{}% 1
\BOOKMARK [1][-]{section*.1}{Acknowledgment}{}% 2
\BOOKMARK [1][-]{section*.2}{Summary and Conclusions}{}% 3
\BOOKMARK [0][-]{chapter.1}{Introduction}{}% 4
\BOOKMARK [1][-]{section.1.1}{Background}{chapter.1}% 5
\BOOKMARK [2][-]{subsection.1.1.1}{Graphics Hardware}{section.1.1}% 6
\BOOKMARK [2][-]{subsection.1.1.2}{General-Purpose GPU Computing}{section.1.1}% 7
\BOOKMARK [2][-]{subsection.1.1.3}{CUDA}{section.1.1}% 8
\BOOKMARK [2][-]{subsection.1.1.4}{OpenCL}{section.1.1}% 9
\BOOKMARK [1][-]{section.1.2}{Goals}{chapter.1}% 10
\BOOKMARK [1][-]{section.1.3}{Motivation}{chapter.1}% 11
\BOOKMARK [1][-]{section.1.4}{Structure of the Report}{chapter.1}% 12
\BOOKMARK [0][-]{chapter.2}{Previous work}{}% 13
\BOOKMARK [0][-]{chapter.3}{Methodology and Testing}{}% 14
\BOOKMARK [1][-]{section.3.1}{Methodology}{chapter.3}% 15
\BOOKMARK [2][-]{subsection.3.1.1}{Build System}{section.3.1}% 16
\BOOKMARK [2][-]{subsection.3.1.2}{Library Porting}{section.3.1}% 17
\BOOKMARK [1][-]{section.3.2}{Testing}{chapter.3}% 18
\BOOKMARK [2][-]{subsection.3.2.1}{Test Setup}{section.3.2}% 19
\BOOKMARK [2][-]{subsection.3.2.2}{Test Methodology}{section.3.2}% 20
\BOOKMARK [2][-]{subsection.3.2.3}{Functional tests}{section.3.2}% 21
\BOOKMARK [2][-]{subsection.3.2.4}{Performance tests}{section.3.2}% 22
\BOOKMARK [1][-]{section.3.3}{Discussion}{chapter.3}% 23
\BOOKMARK [2][-]{subsection.3.3.1}{Functional tests}{section.3.3}% 24
\BOOKMARK [2][-]{subsection.3.3.2}{Performance tests}{section.3.3}% 25
\BOOKMARK [0][-]{chapter.4}{Summary}{}% 26
\BOOKMARK [1][-]{section.4.1}{Summary and Conclusions}{chapter.4}% 27
\BOOKMARK [1][-]{section.4.2}{Discussion}{chapter.4}% 28
\BOOKMARK [1][-]{section.4.3}{Recommendations for Further Work}{chapter.4}% 29
\BOOKMARK [0][-]{appendix.A}{Acronyms}{}% 30
\BOOKMARK [0][-]{appendix.B}{Profiling Data}{}% 31
\BOOKMARK [0][-]{figure.B.9}{Bibliography}{}% 32
